d:\lesson_3dgame\actiongame\x64\release\actor.obj
d:\lesson_3dgame\actiongame\x64\release\astar.obj
d:\lesson_3dgame\actiongame\x64\release\bufferobject.obj
d:\lesson_3dgame\actiongame\x64\release\collision.obj
d:\lesson_3dgame\actiongame\x64\release\enemy.obj
d:\lesson_3dgame\actiongame\x64\release\font.obj
d:\lesson_3dgame\actiongame\x64\release\framebufferobject.obj
d:\lesson_3dgame\actiongame\x64\release\gameoverscene.obj
d:\lesson_3dgame\actiongame\x64\release\glfwew.obj
d:\lesson_3dgame\actiongame\x64\release\jizoactor.obj
d:\lesson_3dgame\actiongame\x64\release\json11.obj
d:\lesson_3dgame\actiongame\x64\release\light.obj
d:\lesson_3dgame\actiongame\x64\release\maingamescene.obj
d:\lesson_3dgame\actiongame\x64\release\mesh.obj
d:\lesson_3dgame\actiongame\x64\release\opengl3dtutorial2.obj
d:\lesson_3dgame\actiongame\x64\release\playeractor.obj
d:\lesson_3dgame\actiongame\x64\release\scene.obj
d:\lesson_3dgame\actiongame\x64\release\shader.obj
d:\lesson_3dgame\actiongame\x64\release\skeletalmesh.obj
d:\lesson_3dgame\actiongame\x64\release\skeletalmeshactor.obj
d:\lesson_3dgame\actiongame\x64\release\sprite.obj
d:\lesson_3dgame\actiongame\x64\release\statusscene.obj
d:\lesson_3dgame\actiongame\x64\release\stdafx.obj
d:\lesson_3dgame\actiongame\x64\release\terrain.obj
d:\lesson_3dgame\actiongame\x64\release\texture.obj
d:\lesson_3dgame\actiongame\x64\release\titlescene.obj
d:\lesson_3dgame\actiongame\x64\release\uniformbuffer.obj
d:\lesson_3dgame\actiongame\x64\release\vc141.pdb
d:\lesson_3dgame\actiongame\x64\release\opengl3d.55bfcfd8.tlog\cl.command.1.tlog
d:\lesson_3dgame\actiongame\x64\release\opengl3d.55bfcfd8.tlog\cl.read.1.tlog
d:\lesson_3dgame\actiongame\x64\release\opengl3d.55bfcfd8.tlog\cl.write.1.tlog
