d:\source\repos\opengl3dtutorial2\debug\vc141.pdb
d:\source\repos\opengl3dtutorial2\debug\vc141.idb
d:\source\repos\opengl3dtutorial2\debug\titlescene.obj
d:\source\repos\opengl3dtutorial2\debug\texture.obj
d:\source\repos\opengl3dtutorial2\debug\stdafx.obj
d:\source\repos\opengl3dtutorial2\debug\statusscene.obj
d:\source\repos\opengl3dtutorial2\debug\sprite.obj
d:\source\repos\opengl3dtutorial2\debug\shader.obj
d:\source\repos\opengl3dtutorial2\debug\scene.obj
d:\source\repos\opengl3dtutorial2\debug\opengl3dtutorial2.obj
d:\source\repos\opengl3dtutorial2\debug\maingamescene.obj
d:\source\repos\opengl3dtutorial2\debug\glfwew.obj
d:\source\repos\opengl3dtutorial2\debug\gameoverscene.obj
d:\source\repos\opengl3dtutorial2\debug\font.obj
d:\source\repos\opengl3dtutorial2\debug\bufferobject.obj
d:\source\repos\opengl3dtutorial2\debug\mesh.obj
d:\source\repos\opengl3dtutorial2\debug\terrain.obj
d:\source\repos\opengl3dtutorial2\debug\opengl3dtutorial2.exe
d:\source\repos\opengl3dtutorial2\debug\opengl3dtutorial2.ilk
d:\source\repos\opengl3dtutorial2\debug\opengl3dtutorial2.pdb
d:\source\repos\opengl3dtutorial2\debug\opengl3d.55bfcfd8.tlog\cl.command.1.tlog
d:\source\repos\opengl3dtutorial2\debug\opengl3d.55bfcfd8.tlog\cl.read.1.tlog
d:\source\repos\opengl3dtutorial2\debug\opengl3d.55bfcfd8.tlog\cl.write.1.tlog
d:\source\repos\opengl3dtutorial2\debug\opengl3d.55bfcfd8.tlog\link.command.1.tlog
d:\source\repos\opengl3dtutorial2\debug\opengl3d.55bfcfd8.tlog\link.read.1.tlog
d:\source\repos\opengl3dtutorial2\debug\opengl3d.55bfcfd8.tlog\link.write.1.tlog
