d:\lesson_3dgame\actiongame\release\vc141.pdb
d:\lesson_3dgame\actiongame\release\skeletalmesh.obj
d:\lesson_3dgame\actiongame\release\shader.obj
d:\lesson_3dgame\actiongame\release\scene.obj
d:\lesson_3dgame\actiongame\release\playeractor.obj
d:\lesson_3dgame\actiongame\release\opengl3dtutorial2.obj
d:\lesson_3dgame\actiongame\release\mesh.obj
d:\lesson_3dgame\actiongame\release\maingamescene.obj
d:\lesson_3dgame\actiongame\release\light.obj
d:\lesson_3dgame\actiongame\release\json11.obj
d:\lesson_3dgame\actiongame\release\jizoactor.obj
d:\lesson_3dgame\actiongame\release\glfwew.obj
d:\lesson_3dgame\actiongame\release\gameoverscene.obj
d:\lesson_3dgame\actiongame\release\framebufferobject.obj
d:\lesson_3dgame\actiongame\release\font.obj
d:\lesson_3dgame\actiongame\release\enemy.obj
d:\lesson_3dgame\actiongame\release\collision.obj
d:\lesson_3dgame\actiongame\release\bufferobject.obj
d:\lesson_3dgame\actiongame\release\audio.obj
d:\lesson_3dgame\actiongame\release\astar.obj
d:\lesson_3dgame\actiongame\release\actor.obj
d:\lesson_3dgame\actiongame\release\uniformbuffer.obj
d:\lesson_3dgame\actiongame\release\titlescene.obj
d:\lesson_3dgame\actiongame\release\texture.obj
d:\lesson_3dgame\actiongame\release\terrain.obj
d:\lesson_3dgame\actiongame\release\statusscene.obj
d:\lesson_3dgame\actiongame\release\sprite.obj
d:\lesson_3dgame\actiongame\release\skeletalmeshactor.obj
d:\lesson_3dgame\actiongame\release\opengl3d.55bfcfd8.tlog\cl.command.1.tlog
d:\lesson_3dgame\actiongame\release\opengl3d.55bfcfd8.tlog\cl.read.1.tlog
d:\lesson_3dgame\actiongame\release\opengl3d.55bfcfd8.tlog\cl.write.1.tlog
d:\lesson_3dgame\actiongame\release\opengl3d.55bfcfd8.tlog\link.command.1.tlog
d:\lesson_3dgame\actiongame\release\opengl3d.55bfcfd8.tlog\link.read.1.tlog
d:\lesson_3dgame\actiongame\release\opengl3d.55bfcfd8.tlog\link.write.1.tlog
